<?xml version="1.0" encoding="UTF-8"?>
<testsuite xmlns:xsi="http://www.w3.org/2001/XMLSchema-instance" xsi:noNamespaceSchemaLocation="https://maven.apache.org/surefire/maven-surefire-plugin/xsd/surefire-test-report-3.0.xsd" version="3.0" name="com.example.producer.controller.EventControllerTest" time="3.581" tests="9" errors="0" skipped="0" failures="0">
  <properties>
[...]
</properties>
  <testcase name="trackEvent_missingTimestamp_returns400" classname="com.example.producer.controller.EventControllerTest" time="3.071">
    <system-out><![CDATA[14:04:57.702 [main] INFO org.hibernate.validator.internal.util.Version -- HV000001: Hibernate Validator 8.0.1.Final
14:04:58.407 [main] INFO org.springframework.mock.web.MockServletContext -- Initializing Spring TestDispatcherServlet ''
14:04:58.407 [main] INFO org.springframework.test.web.servlet.TestDispatcherServlet -- Initializing Servlet ''
14:04:58.415 [main] INFO org.springframework.test.web.servlet.TestDispatcherServlet -- Completed initialization in 4 ms
14:04:58.719 [main] WARN com.example.producer.exception.GlobalExceptionHandler -- Validation error: [timestamp: timestamp is required]
]]></system-out>
    <system-err><![CDATA[Mockito is currently self-attaching to enable the inline-mock-maker. This will no longer work in future releases of the JDK. Please add Mockito as an agent to your build what is described in Mockito's documentation: https://javadoc.io/doc/org.mockito/mockito-core/latest/org/mockito/Mockito.html#0.3
]]></system-err>
  </testcase>
  <testcase name="trackEvent_eventTypeTooLong_returns400" classname="com.example.producer.controller.EventControllerTest" time="0.039">
    <system-out><![CDATA[14:04:58.874 [main] INFO org.springframework.mock.web.MockServletContext -- Initializing Spring TestDispatcherServlet ''
14:04:58.875 [main] INFO org.springframework.test.web.servlet.TestDispatcherServlet -- Initializing Servlet ''
14:04:58.875 [main] INFO org.springframework.test.web.servlet.TestDispatcherServlet -- Completed initialization in 0 ms
14:04:58.892 [main] WARN com.example.producer.exception.GlobalExceptionHandler -- Validation error: [eventType: event_type must be at most 50 characters]
]]></system-out>
  </testcase>
  <testcase name="trackEvent_missingUserId_returns400" classname="com.example.producer.controller.EventControllerTest" time="0.033">
    <system-out><![CDATA[14:04:58.916 [main] INFO org.springframework.mock.web.MockServletContext -- Initializing Spring TestDispatcherServlet ''
14:04:58.916 [main] INFO org.springframework.test.web.servlet.TestDispatcherServlet -- Initializing Servlet ''
14:04:58.916 [main] INFO org.springframework.test.web.servlet.TestDispatcherServlet -- Completed initialization in 0 ms
14:04:58.927 [main] WARN com.example.producer.exception.GlobalExceptionHandler -- Validation error: [userId: user_id is required]
]]></system-out>
  </testcase>
  <testcase name="trackEvent_validPayload_returns202" classname="com.example.producer.controller.EventControllerTest" time="0.056">
    <system-out><![CDATA[14:04:58.947 [main] INFO org.springframework.mock.web.MockServletContext -- Initializing Spring TestDispatcherServlet ''
14:04:58.948 [main] INFO org.springframework.test.web.servlet.TestDispatcherServlet -- Initializing Servlet ''
14:04:58.948 [main] INFO org.springframework.test.web.servlet.TestDispatcherServlet -- Completed initialization in 0 ms
14:04:58.976 [main] INFO com.example.producer.controller.EventController -- Received track request for user_id=123 event_type=page_view
]]></system-out>
  </testcase>
  <testcase name="trackEvent_invalidTimestampFormat_returns400" classname="com.example.producer.controller.EventControllerTest" time="0.031">
    <system-out><![CDATA[14:04:59.004 [main] INFO org.springframework.mock.web.MockServletContext -- Initializing Spring TestDispatcherServlet ''
14:04:59.004 [main] INFO org.springframework.test.web.servlet.TestDispatcherServlet -- Initializing Servlet ''
14:04:59.004 [main] INFO org.springframework.test.web.servlet.TestDispatcherServlet -- Completed initialization in 0 ms
14:04:59.016 [main] WARN com.example.producer.exception.GlobalExceptionHandler -- Validation error: [timestamp: timestamp must be in ISO 8601 format (e.g., 2023-10-27T10:00:00Z)]
]]></system-out>
  </testcase>
  <testcase name="trackEvent_malformedJson_returns400" classname="com.example.producer.controller.EventControllerTest" time="0.02">
    <system-out><![CDATA[14:04:59.036 [main] INFO org.springframework.mock.web.MockServletContext -- Initializing Spring TestDispatcherServlet ''
14:04:59.037 [main] INFO org.springframework.test.web.servlet.TestDispatcherServlet -- Initializing Servlet ''
14:04:59.037 [main] INFO org.springframework.test.web.servlet.TestDispatcherServlet -- Completed initialization in 0 ms
14:04:59.042 [main] WARN com.example.producer.exception.GlobalExceptionHandler -- Malformed JSON: JSON parse error: Unexpected character ('t' (code 116)): was expecting double-quote to start field name
]]></system-out>
  </testcase>
  <testcase name="trackEvent_validPayloadWithNullMetadata_returns202" classname="com.example.producer.controller.EventControllerTest" time="0.032">
    <system-out><![CDATA[14:04:59.063 [main] INFO org.springframework.mock.web.MockServletContext -- Initializing Spring TestDispatcherServlet ''
14:04:59.064 [main] INFO org.springframework.test.web.servlet.TestDispatcherServlet -- Initializing Servlet ''
14:04:59.064 [main] INFO org.springframework.test.web.servlet.TestDispatcherServlet -- Completed initialization in 0 ms
14:04:59.073 [main] INFO com.example.producer.controller.EventController -- Received track request for user_id=456 event_type=logout
]]></system-out>
  </testcase>
  <testcase name="trackEvent_missingEventType_returns400" classname="com.example.producer.controller.EventControllerTest" time="0.023">
    <system-out><![CDATA[14:04:59.090 [main] INFO org.springframework.mock.web.MockServletContext -- Initializing Spring TestDispatcherServlet ''
14:04:59.090 [main] INFO org.springframework.test.web.servlet.TestDispatcherServlet -- Initializing Servlet ''
14:04:59.090 [main] INFO org.springframework.test.web.servlet.TestDispatcherServlet -- Completed initialization in 0 ms
14:04:59.100 [main] WARN com.example.producer.exception.GlobalExceptionHandler -- Validation error: [eventType: event_type is required]
]]></system-out>
  </testcase>
  <testcase name="trackEvent_emptyBody_returns400" classname="com.example.producer.controller.EventControllerTest" time="0.016">
    <system-out><![CDATA[14:04:59.113 [main] INFO org.springframework.mock.web.MockServletContext -- Initializing Spring TestDispatcherServlet ''
14:04:59.113 [main] INFO org.springframework.test.web.servlet.TestDispatcherServlet -- Initializing Servlet ''
14:04:59.114 [main] INFO org.springframework.test.web.servlet.TestDispatcherServlet -- Completed initialization in 1 ms
14:04:59.117 [main] WARN com.example.producer.exception.GlobalExceptionHandler -- Malformed JSON: Required request body is missing: public org.springframework.http.ResponseEntity<java.util.Map<java.lang.String, java.lang.Object>> com.example.producer.controller.EventController.trackEvent(com.example.producer.model.UserActivityEvent)
]]></system-out>
  </testcase>
</testsuite>